{"/home/donc/projects/nondhi/vite-starter/src/App.tsx": {"path":"/home/donc/projects/nondhi/vite-starter/src/App.tsx","statementMap":{"0":{"start":{"line":1,"column":0},"end":{"line":1,"column":53}},"1":{"start":{"line":4,"column":0},"end":{"line":4,"column":30}},"2":{"start":{"line":6,"column":22},"end":{"line":25,"column":1}},"3":{"start":{"line":7,"column":2},"end":{"line":24,"column":4}},"4":{"start":{"line":27,"column":13},"end":{"line":39,"column":2}},"5":{"start":{"line":37,"column":41},"end":{"line":37,"column":61}},"6":{"start":{"line":41,"column":0},"end":{"line":41,"column":19}}},"fnMap":{"0":{"name":"(anonymous_0)","decl":{"start":{"line":6,"column":22},"end":{"line":6,"column":25}},"loc":{"start":{"line":6,"column":27},"end":{"line":25,"column":1}}},"1":{"name":"(anonymous_1)","decl":{"start":{"line":37,"column":13},"end":{"line":37,"column":14}},"loc":{"start":{"line":37,"column":41},"end":{"line":37,"column":61}}}},"branchMap":{},"s":{"0":1,"1":1,"2":1,"3":1,"4":1,"5":1,"6":1},"f":{"0":1,"1":1},"b":{}}
,"/home/donc/projects/nondhi/vite-starter/src/main.tsx": {"path":"/home/donc/projects/nondhi/vite-starter/src/main.tsx","statementMap":{"0":{"start":{"line":1,"column":0},"end":{"line":1,"column":26}},"1":{"start":{"line":2,"column":0},"end":{"line":2,"column":33}},"2":{"start":{"line":4,"column":0},"end":{"line":4,"column":65}},"3":{"start":{"line":6,"column":0},"end":{"line":6,"column":24}},"4":{"start":{"line":8,"column":0},"end":{"line":17,"column":2}}},"fnMap":{},"branchMap":{},"s":{"0":0,"1":0,"2":0,"3":0,"4":0},"f":{},"b":{}}
,"/home/donc/projects/nondhi/vite-starter/src/header/DarkModeToggle.tsx": {"path":"/home/donc/projects/nondhi/vite-starter/src/header/DarkModeToggle.tsx","statementMap":{"0":{"start":{"line":1,"column":0},"end":{"line":1,"column":49}},"1":{"start":{"line":2,"column":0},"end":{"line":2,"column":59}},"2":{"start":{"line":3,"column":0},"end":{"line":3,"column":56}},"3":{"start":{"line":4,"column":0},"end":{"line":4,"column":39}},"4":{"start":{"line":5,"column":0},"end":{"line":5,"column":46}},"5":{"start":{"line":7,"column":0},"end":{"line":7,"column":42}},"6":{"start":{"line":9,"column":27},"end":{"line":33,"column":1}},"7":{"start":{"line":10,"column":30},"end":{"line":10,"column":53}},"8":{"start":{"line":11,"column":2},"end":{"line":32,"column":4}},"9":{"start":{"line":18,"column":29},"end":{"line":18,"column":55}},"10":{"start":{"line":19,"column":10},"end":{"line":19,"column":31}},"11":{"start":{"line":35,"column":17},"end":{"line":38,"column":2}},"12":{"start":{"line":43,"column":13},"end":{"line":56,"column":2}},"13":{"start":{"line":55,"column":24},"end":{"line":55,"column":71}},"14":{"start":{"line":58,"column":14},"end":{"line":70,"column":2}},"15":{"start":{"line":72,"column":13},"end":{"line":74,"column":2}},"16":{"start":{"line":76,"column":16},"end":{"line":84,"column":2}},"17":{"start":{"line":85,"column":17},"end":{"line":93,"column":2}},"18":{"start":{"line":95,"column":0},"end":{"line":95,"column":30}}},"fnMap":{"0":{"name":"(anonymous_0)","decl":{"start":{"line":9,"column":27},"end":{"line":9,"column":30}},"loc":{"start":{"line":9,"column":32},"end":{"line":33,"column":1}}},"1":{"name":"(anonymous_1)","decl":{"start":{"line":17,"column":18},"end":{"line":17,"column":19}},"loc":{"start":{"line":17,"column":46},"end":{"line":20,"column":9}}},"2":{"name":"(anonymous_2)","decl":{"start":{"line":55,"column":4},"end":{"line":55,"column":5}},"loc":{"start":{"line":55,"column":24},"end":{"line":55,"column":71}}}},"branchMap":{"0":{"loc":{"start":{"line":18,"column":29},"end":{"line":18,"column":55}},"type":"cond-expr","locations":[{"start":{"line":18,"column":39},"end":{"line":18,"column":45}},{"start":{"line":18,"column":48},"end":{"line":18,"column":55}}]},"1":{"loc":{"start":{"line":55,"column":24},"end":{"line":55,"column":71}},"type":"cond-expr","locations":[{"start":{"line":55,"column":36},"end":{"line":55,"column":66}},{"start":{"line":55,"column":69},"end":{"line":55,"column":71}}]}},"s":{"0":1,"1":1,"2":1,"3":1,"4":1,"5":1,"6":1,"7":1,"8":1,"9":0,"10":0,"11":1,"12":1,"13":1,"14":1,"15":1,"16":1,"17":1,"18":1},"f":{"0":1,"1":0,"2":1},"b":{"0":[0,0],"1":[0,1]}}
,"/home/donc/projects/nondhi/vite-starter/src/header/index.tsx": {"path":"/home/donc/projects/nondhi/vite-starter/src/header/index.tsx","statementMap":{"0":{"start":{"line":1,"column":0},"end":{"line":1,"column":48}},"1":{"start":{"line":4,"column":0},"end":{"line":4,"column":46}},"2":{"start":{"line":6,"column":19},"end":{"line":14,"column":1}},"3":{"start":{"line":7,"column":2},"end":{"line":13,"column":4}},"4":{"start":{"line":16,"column":0},"end":{"line":16,"column":22}}},"fnMap":{"0":{"name":"(anonymous_0)","decl":{"start":{"line":6,"column":19},"end":{"line":6,"column":22}},"loc":{"start":{"line":6,"column":24},"end":{"line":14,"column":1}}}},"branchMap":{},"s":{"0":1,"1":1,"2":1,"3":1,"4":1},"f":{"0":1},"b":{}}
,"/home/donc/projects/nondhi/vite-starter/src/hooks/useLocalStorage.ts": {"path":"/home/donc/projects/nondhi/vite-starter/src/hooks/useLocalStorage.ts","statementMap":{"0":{"start":{"line":1,"column":0},"end":{"line":1,"column":70}},"1":{"start":{"line":5,"column":2},"end":{"line":10,"column":null}},"2":{"start":{"line":6,"column":4},"end":{"line":6,"column":71}},"3":{"start":{"line":8,"column":4},"end":{"line":8,"column":47}},"4":{"start":{"line":9,"column":4},"end":{"line":9,"column":21}},"5":{"start":{"line":18,"column":20},"end":{"line":31,"column":3}},"6":{"start":{"line":20,"column":4},"end":{"line":22,"column":null}},"7":{"start":{"line":21,"column":6},"end":{"line":21,"column":26}},"8":{"start":{"line":24,"column":4},"end":{"line":30,"column":null}},"9":{"start":{"line":25,"column":19},"end":{"line":25,"column":51}},"10":{"start":{"line":26,"column":6},"end":{"line":26,"column":58}},"11":{"start":{"line":28,"column":6},"end":{"line":28,"column":70}},"12":{"start":{"line":29,"column":6},"end":{"line":29,"column":26}},"13":{"start":{"line":35,"column":40},"end":{"line":35,"column":62}},"14":{"start":{"line":39,"column":32},"end":{"line":60,"column":3}},"15":{"start":{"line":41,"column":4},"end":{"line":43,"column":null}},"16":{"start":{"line":42,"column":6},"end":{"line":42,"column":102}},"17":{"start":{"line":45,"column":4},"end":{"line":59,"column":null}},"18":{"start":{"line":47,"column":23},"end":{"line":47,"column":77}},"19":{"start":{"line":50,"column":6},"end":{"line":50,"column":65}},"20":{"start":{"line":53,"column":6},"end":{"line":53,"column":31}},"21":{"start":{"line":56,"column":6},"end":{"line":56,"column":55}},"22":{"start":{"line":58,"column":6},"end":{"line":58,"column":70}},"23":{"start":{"line":62,"column":2},"end":{"line":64,"column":9}},"24":{"start":{"line":63,"column":4},"end":{"line":63,"column":32}},"25":{"start":{"line":66,"column":2},"end":{"line":81,"column":9}},"26":{"start":{"line":67,"column":32},"end":{"line":69,"column":5}},"27":{"start":{"line":68,"column":6},"end":{"line":68,"column":34}},"28":{"start":{"line":72,"column":4},"end":{"line":72,"column":60}},"29":{"start":{"line":75,"column":4},"end":{"line":75,"column":66}},"30":{"start":{"line":77,"column":4},"end":{"line":80,"column":6}},"31":{"start":{"line":78,"column":6},"end":{"line":78,"column":65}},"32":{"start":{"line":79,"column":6},"end":{"line":79,"column":71}},"33":{"start":{"line":83,"column":2},"end":{"line":83,"column":33}},"34":{"start":{"line":86,"column":0},"end":{"line":86,"column":31}}},"fnMap":{"0":{"name":"parseJSON","decl":{"start":{"line":4,"column":9},"end":{"line":4,"column":18}},"loc":{"start":{"line":4,"column":42},"end":{"line":11,"column":1}}},"1":{"name":"useLocalStorage","decl":{"start":{"line":15,"column":9},"end":{"line":15,"column":24}},"loc":{"start":{"line":15,"column":56},"end":{"line":84,"column":1}}},"2":{"name":"(anonymous_2)","decl":{"start":{"line":18,"column":20},"end":{"line":18,"column":26}},"loc":{"start":{"line":18,"column":28},"end":{"line":31,"column":3}}},"3":{"name":"(anonymous_3)","decl":{"start":{"line":39,"column":32},"end":{"line":39,"column":33}},"loc":{"start":{"line":39,"column":42},"end":{"line":60,"column":3}}},"4":{"name":"(anonymous_4)","decl":{"start":{"line":62,"column":12},"end":{"line":62,"column":15}},"loc":{"start":{"line":62,"column":17},"end":{"line":64,"column":3}}},"5":{"name":"(anonymous_5)","decl":{"start":{"line":66,"column":12},"end":{"line":66,"column":15}},"loc":{"start":{"line":66,"column":17},"end":{"line":81,"column":3}}},"6":{"name":"(anonymous_6)","decl":{"start":{"line":67,"column":32},"end":{"line":67,"column":35}},"loc":{"start":{"line":67,"column":37},"end":{"line":69,"column":5}}},"7":{"name":"(anonymous_7)","decl":{"start":{"line":77,"column":11},"end":{"line":77,"column":14}},"loc":{"start":{"line":77,"column":16},"end":{"line":80,"column":5}}}},"branchMap":{"0":{"loc":{"start":{"line":6,"column":11},"end":{"line":6,"column":70}},"type":"cond-expr","locations":[{"start":{"line":6,"column":35},"end":{"line":6,"column":44}},{"start":{"line":6,"column":47},"end":{"line":6,"column":70}}]},"1":{"loc":{"start":{"line":6,"column":58},"end":{"line":6,"column":69}},"type":"binary-expr","locations":[{"start":{"line":6,"column":58},"end":{"line":6,"column":63}},{"start":{"line":6,"column":67},"end":{"line":6,"column":69}}]},"2":{"loc":{"start":{"line":20,"column":4},"end":{"line":22,"column":null}},"type":"if","locations":[{"start":{"line":20,"column":4},"end":{"line":22,"column":null}},{"start":{"line":20,"column":4},"end":{"line":22,"column":null}}]},"3":{"loc":{"start":{"line":26,"column":13},"end":{"line":26,"column":57}},"type":"cond-expr","locations":[{"start":{"line":26,"column":21},"end":{"line":26,"column":42}},{"start":{"line":26,"column":45},"end":{"line":26,"column":57}}]},"4":{"loc":{"start":{"line":41,"column":4},"end":{"line":43,"column":null}},"type":"if","locations":[{"start":{"line":41,"column":4},"end":{"line":43,"column":null}},{"start":{"line":41,"column":4},"end":{"line":43,"column":null}}]},"5":{"loc":{"start":{"line":47,"column":23},"end":{"line":47,"column":77}},"type":"cond-expr","locations":[{"start":{"line":47,"column":51},"end":{"line":47,"column":69}},{"start":{"line":47,"column":72},"end":{"line":47,"column":77}}]}},"s":{"0":1,"1":0,"2":0,"3":0,"4":0,"5":0,"6":0,"7":0,"8":0,"9":0,"10":0,"11":0,"12":0,"13":0,"14":0,"15":0,"16":0,"17":0,"18":0,"19":0,"20":0,"21":0,"22":0,"23":0,"24":0,"25":0,"26":0,"27":0,"28":0,"29":0,"30":0,"31":0,"32":0,"33":0,"34":1},"f":{"0":0,"1":0,"2":0,"3":0,"4":0,"5":0,"6":0,"7":0},"b":{"0":[0,0],"1":[0,0],"2":[0,0],"3":[0,0],"4":[0,0],"5":[0,0]}}
,"/home/donc/projects/nondhi/vite-starter/src/providers/ChosenTheme.tsx": {"path":"/home/donc/projects/nondhi/vite-starter/src/providers/ChosenTheme.tsx","statementMap":{"0":{"start":{"line":1,"column":0},"end":{"line":1,"column":56}},"1":{"start":{"line":2,"column":0},"end":{"line":2,"column":68}},"2":{"start":{"line":5,"column":0},"end":{"line":5,"column":54}},"3":{"start":{"line":7,"column":13},"end":{"line":7,"column":75}},"4":{"start":{"line":9,"column":39},"end":{"line":14,"column":1}},"5":{"start":{"line":10,"column":26},"end":{"line":10,"column":71}},"6":{"start":{"line":11,"column":28},"end":{"line":11,"column":99}},"7":{"start":{"line":13,"column":2},"end":{"line":13,"column":93}},"8":{"start":{"line":9,"column":13},"end":{"line":9,"column":39}}},"fnMap":{"0":{"name":"(anonymous_0)","decl":{"start":{"line":9,"column":39},"end":{"line":9,"column":40}},"loc":{"start":{"line":9,"column":56},"end":{"line":14,"column":1}}}},"branchMap":{"0":{"loc":{"start":{"line":11,"column":64},"end":{"line":11,"column":98}},"type":"cond-expr","locations":[{"start":{"line":11,"column":82},"end":{"line":11,"column":88}},{"start":{"line":11,"column":91},"end":{"line":11,"column":98}}]}},"s":{"0":1,"1":1,"2":1,"3":1,"4":1,"5":0,"6":0,"7":0,"8":1},"f":{"0":0},"b":{"0":[0,0]}}
,"/home/donc/projects/nondhi/vite-starter/src/providers/Theme.tsx": {"path":"/home/donc/projects/nondhi/vite-starter/src/providers/Theme.tsx","statementMap":{"0":{"start":{"line":1,"column":0},"end":{"line":1,"column":52}},"1":{"start":{"line":2,"column":0},"end":{"line":2,"column":86}},"2":{"start":{"line":3,"column":0},"end":{"line":3,"column":55}},"3":{"start":{"line":5,"column":0},"end":{"line":5,"column":44}},"4":{"start":{"line":7,"column":33},"end":{"line":17,"column":1}},"5":{"start":{"line":8,"column":20},"end":{"line":8,"column":43}},"6":{"start":{"line":9,"column":19},"end":{"line":9,"column":67}},"7":{"start":{"line":9,"column":33},"end":{"line":9,"column":57}},"8":{"start":{"line":11,"column":2},"end":{"line":16,"column":4}},"9":{"start":{"line":7,"column":13},"end":{"line":7,"column":33}},"10":{"start":{"line":19,"column":19},"end":{"line":19,"column":28}},"11":{"start":{"line":20,"column":26},"end":{"line":40,"column":1}},"12":{"start":{"line":21,"column":17},"end":{"line":21,"column":33}},"13":{"start":{"line":22,"column":2},"end":{"line":39,"column":5}}},"fnMap":{"0":{"name":"(anonymous_0)","decl":{"start":{"line":7,"column":33},"end":{"line":7,"column":34}},"loc":{"start":{"line":7,"column":50},"end":{"line":17,"column":1}}},"1":{"name":"(anonymous_1)","decl":{"start":{"line":9,"column":27},"end":{"line":9,"column":30}},"loc":{"start":{"line":9,"column":33},"end":{"line":9,"column":57}}},"2":{"name":"(anonymous_2)","decl":{"start":{"line":20,"column":26},"end":{"line":20,"column":27}},"loc":{"start":{"line":20,"column":54},"end":{"line":40,"column":1}}}},"branchMap":{"0":{"loc":{"start":{"line":26,"column":17},"end":{"line":26,"column":48}},"type":"cond-expr","locations":[{"start":{"line":26,"column":26},"end":{"line":26,"column":36}},{"start":{"line":26,"column":39},"end":{"line":26,"column":48}}]},"1":{"loc":{"start":{"line":27,"column":15},"end":{"line":27,"column":44}},"type":"cond-expr","locations":[{"start":{"line":27,"column":24},"end":{"line":27,"column":33}},{"start":{"line":27,"column":36},"end":{"line":27,"column":44}}]}},"s":{"0":1,"1":1,"2":1,"3":1,"4":1,"5":0,"6":0,"7":0,"8":0,"9":1,"10":1,"11":1,"12":0,"13":0},"f":{"0":0,"1":0,"2":0},"b":{"0":[0,0],"1":[0,0]}}
,"/home/donc/projects/nondhi/vite-starter/src/providers/index.ts": {"path":"/home/donc/projects/nondhi/vite-starter/src/providers/index.ts","statementMap":{"0":{"start":{"line":1,"column":0},"end":{"line":1,"column":30}},"1":{"start":{"line":2,"column":0},"end":{"line":2,"column":24}}},"fnMap":{},"branchMap":{},"s":{"0":1,"1":1},"f":{},"b":{}}
}
